china_1_1.png
200x200 : 150%

china_1_2.png
350x200 : 155%

china_1_3.png
250x200 : 135%

china_1_4.png
200x200 : 130%

china_1_5.png
250x250 : 155%

china_training1.png
200x150 : 140%

china_training2.png
200x150 : 135%
bgimage : postit_2.png

china_training3.png
250x200 : 150%

nightmare_china_1.png
300x200 : 165%

nightmare_china_2.png
300x200 : 165%

nightmare_china_3.png
300x200 : 170%

nightmare_china_4.png
300x250 : 155%

nightmare_china_5.png
300x200 : 155%

nightmare_china_6.png
300x300 : 135%

passage_6_3.png
200x200 : 140%

